{"timestamp": "2025-05-10T20:19:58.777675", "level": "INFO", "service": "tiny_auth_server", "correlation_id": "N/A", "message": "Token carregado do arquivo", "file": "tiny_token.json"}
{"timestamp": "2025-05-10T20:19:58.777857", "level": "INFO", "service": "tiny_auth_server", "correlation_id": "N/A", "message": "Iniciando thread de monitoramento de token"}
{"timestamp": "2025-05-10T20:19:58.777917", "level": "INFO", "service": "tiny_auth_server", "correlation_id": "N/A", "message": "Thread de monitoramento de token iniciada"}
{"timestamp": "2025-05-10T20:19:58.778217", "level": "ERROR", "service": "tiny_auth_server", "correlation_id": "N/A", "message": "Erro ao executar o servidor", "exception": {"type": "OSError", "message": "[Errno 48] Address already in use"}}
{"timestamp": "2025-05-10T20:20:17.758984", "level": "INFO", "service": "tiny_auth_server", "correlation_id": "N/A", "message": "Token carregado do arquivo", "file": "tiny_token.json"}
{"timestamp": "2025-05-10T20:20:17.759171", "level": "INFO", "service": "tiny_auth_server", "correlation_id": "N/A", "message": "Iniciando thread de monitoramento de token"}
{"timestamp": "2025-05-10T20:20:17.759225", "level": "INFO", "service": "tiny_auth_server", "correlation_id": "N/A", "message": "Thread de monitoramento de token iniciada"}
{"timestamp": "2025-05-10T20:20:17.759517", "level": "INFO", "service": "tiny_auth_server", "correlation_id": "N/A", "message": "Servidor de autentica\u00e7\u00e3o rodando em http://localhost:8080"}
{"timestamp": "2025-05-10T20:20:17.759559", "level": "INFO", "service": "tiny_auth_server", "correlation_id": "N/A", "message": "URI de Redirecionamento configurado: http://localhost:8080/callback"}
{"timestamp": "2025-05-10T20:20:17.759590", "level": "INFO", "service": "tiny_auth_server", "correlation_id": "N/A", "message": "Acesse http://localhost:{PORT}/ para iniciar."}
{"timestamp": "2025-05-10T20:21:00.528617", "level": "INFO", "service": "tiny_auth_server", "correlation_id": "N/A", "message": "Token carregado do arquivo", "file": "tiny_token.json"}
{"timestamp": "2025-05-10T21:20:17.899156", "level": "INFO", "service": "tiny_auth_server", "correlation_id": "N/A", "message": "Token expirar\u00e1 em 1679 segundos, iniciando renova\u00e7\u00e3o autom\u00e1tica"}
{"timestamp": "2025-05-10T21:20:17.902549", "level": "INFO", "service": "tiny_auth_server", "correlation_id": "N/A", "message": "Iniciando renova\u00e7\u00e3o do access token"}
{"timestamp": "2025-05-10T21:20:19.628821", "level": "INFO", "service": "tiny_auth_server", "correlation_id": "N/A", "message": "Access token renovado com sucesso", "expires_in": 14400, "expires_at": "2025-05-11T01:20:19.628741"}
{"timestamp": "2025-05-10T21:20:19.631093", "level": "INFO", "service": "tiny_auth_server", "correlation_id": "N/A", "message": "Token salvo no arquivo", "file": "tiny_token.json"}
{"timestamp": "2025-05-10T21:20:19.633451", "level": "INFO", "service": "tiny_auth_server", "correlation_id": "N/A", "message": "Renova\u00e7\u00e3o autom\u00e1tica de token conclu\u00edda com sucesso"}
{"timestamp": "2025-05-11T01:05:19.625951", "level": "INFO", "service": "tiny_auth_server", "correlation_id": "N/A", "message": "Token expirar\u00e1 em 900 segundos, iniciando renova\u00e7\u00e3o autom\u00e1tica"}
{"timestamp": "2025-05-11T01:05:19.627754", "level": "INFO", "service": "tiny_auth_server", "correlation_id": "N/A", "message": "Iniciando renova\u00e7\u00e3o do access token"}
{"timestamp": "2025-05-11T01:05:21.368522", "level": "INFO", "service": "tiny_auth_server", "correlation_id": "N/A", "message": "Access token renovado com sucesso", "expires_in": 14400, "expires_at": "2025-05-11T05:05:21.368285"}
{"timestamp": "2025-05-11T01:05:21.370460", "level": "INFO", "service": "tiny_auth_server", "correlation_id": "N/A", "message": "Token salvo no arquivo", "file": "tiny_token.json"}
{"timestamp": "2025-05-11T01:05:21.373860", "level": "INFO", "service": "tiny_auth_server", "correlation_id": "N/A", "message": "Renova\u00e7\u00e3o autom\u00e1tica de token conclu\u00edda com sucesso"}
{"timestamp": "2025-05-11T04:35:21.432563", "level": "INFO", "service": "tiny_auth_server", "correlation_id": "N/A", "message": "Token expirar\u00e1 em 1800 segundos, iniciando renova\u00e7\u00e3o autom\u00e1tica"}
{"timestamp": "2025-05-11T04:35:21.436155", "level": "INFO", "service": "tiny_auth_server", "correlation_id": "N/A", "message": "Iniciando renova\u00e7\u00e3o do access token"}
{"timestamp": "2025-05-11T04:35:23.361280", "level": "INFO", "service": "tiny_auth_server", "correlation_id": "N/A", "message": "Access token renovado com sucesso", "expires_in": 14400, "expires_at": "2025-05-11T08:35:23.361062"}
{"timestamp": "2025-05-11T04:35:23.364847", "level": "INFO", "service": "tiny_auth_server", "correlation_id": "N/A", "message": "Token salvo no arquivo", "file": "tiny_token.json"}
{"timestamp": "2025-05-11T04:35:23.367425", "level": "INFO", "service": "tiny_auth_server", "correlation_id": "N/A", "message": "Renova\u00e7\u00e3o autom\u00e1tica de token conclu\u00edda com sucesso"}
{"timestamp": "2025-05-11T06:19:55.716534", "level": "INFO", "service": "tiny_auth_server", "correlation_id": "N/A", "message": "Token carregado do arquivo", "file": "tiny_token.json"}
{"timestamp": "2025-05-11T06:19:55.716719", "level": "INFO", "service": "tiny_auth_server", "correlation_id": "N/A", "message": "Iniciando thread de monitoramento de token"}
{"timestamp": "2025-05-11T06:19:55.716787", "level": "INFO", "service": "tiny_auth_server", "correlation_id": "N/A", "message": "Thread de monitoramento de token iniciada"}
{"timestamp": "2025-05-11T06:19:55.717066", "level": "ERROR", "service": "tiny_auth_server", "correlation_id": "N/A", "message": "Erro ao executar o servidor", "exception": {"type": "OSError", "message": "[Errno 48] Address already in use"}}
{"timestamp": "2025-05-11T06:20:07.851310", "level": "INFO", "service": "tiny_auth_server", "correlation_id": "N/A", "message": "Token carregado do arquivo", "file": "tiny_token.json"}
{"timestamp": "2025-05-11T06:20:14.628694", "level": "INFO", "service": "tiny_auth_server", "correlation_id": "N/A", "message": "Token carregado do arquivo", "file": "tiny_token.json"}
{"timestamp": "2025-05-11T06:20:49.289743", "level": "INFO", "service": "tiny_auth_server", "correlation_id": "N/A", "message": "Iniciando troca de c\u00f3digo por token"}
{"timestamp": "2025-05-11T06:20:50.905104", "level": "INFO", "service": "tiny_auth_server", "correlation_id": "N/A", "message": "Tokens obtidos com sucesso", "expires_in": 14400, "expires_at": "2025-05-11T10:20:50.905003"}
{"timestamp": "2025-05-11T06:20:50.906292", "level": "INFO", "service": "tiny_auth_server", "correlation_id": "N/A", "message": "Token salvo no arquivo", "file": "tiny_token.json"}
{"timestamp": "2025-05-11T10:05:23.665381", "level": "INFO", "service": "tiny_auth_server", "correlation_id": "N/A", "message": "Token expirar\u00e1 em 927 segundos, iniciando renova\u00e7\u00e3o autom\u00e1tica"}
{"timestamp": "2025-05-11T10:05:23.669111", "level": "INFO", "service": "tiny_auth_server", "correlation_id": "N/A", "message": "Iniciando renova\u00e7\u00e3o do access token"}
{"timestamp": "2025-05-11T10:05:25.166312", "level": "INFO", "service": "tiny_auth_server", "correlation_id": "N/A", "message": "Access token renovado com sucesso", "expires_in": 14400, "expires_at": "2025-05-11T14:05:25.166072"}
{"timestamp": "2025-05-11T10:05:25.169069", "level": "INFO", "service": "tiny_auth_server", "correlation_id": "N/A", "message": "Token salvo no arquivo", "file": "tiny_token.json"}
{"timestamp": "2025-05-11T10:05:25.172479", "level": "INFO", "service": "tiny_auth_server", "correlation_id": "N/A", "message": "Renova\u00e7\u00e3o autom\u00e1tica de token conclu\u00edda com sucesso"}
{"timestamp": "2025-05-11T12:15:03.100294", "level": "INFO", "service": "tiny_auth_server", "correlation_id": "N/A", "message": "Iniciando troca de c\u00f3digo por token"}
{"timestamp": "2025-05-11T12:15:04.667272", "level": "ERROR", "service": "tiny_auth_server", "correlation_id": "N/A", "message": "Erro ao trocar c\u00f3digo por token", "exception": {"type": "HTTPError", "message": "400 Client Error: Bad Request for url: https://accounts.tiny.com.br/realms/tiny/protocol/openid-connect/token"}}
{"timestamp": "2025-05-11T12:15:14.164397", "level": "INFO", "service": "tiny_auth_server", "correlation_id": "N/A", "message": "Token carregado do arquivo", "file": "tiny_token.json"}
{"timestamp": "2025-05-11T12:16:17.028739", "level": "INFO", "service": "tiny_auth_server", "correlation_id": "N/A", "message": "Iniciando troca de c\u00f3digo por token"}
{"timestamp": "2025-05-11T12:16:17.560128", "level": "INFO", "service": "tiny_auth_server", "correlation_id": "N/A", "message": "Tokens obtidos com sucesso", "expires_in": 14400, "expires_at": "2025-05-11T16:16:17.560032"}
{"timestamp": "2025-05-11T12:16:17.562288", "level": "INFO", "service": "tiny_auth_server", "correlation_id": "N/A", "message": "Token salvo no arquivo", "file": "tiny_token.json"}
{"timestamp": "2025-05-11T15:50:25.518623", "level": "INFO", "service": "tiny_auth_server", "correlation_id": "N/A", "message": "Token expirar\u00e1 em 1552 segundos, iniciando renova\u00e7\u00e3o autom\u00e1tica"}
{"timestamp": "2025-05-11T15:50:25.522264", "level": "INFO", "service": "tiny_auth_server", "correlation_id": "N/A", "message": "Iniciando renova\u00e7\u00e3o do access token"}
{"timestamp": "2025-05-11T15:50:27.110697", "level": "INFO", "service": "tiny_auth_server", "correlation_id": "N/A", "message": "Access token renovado com sucesso", "expires_in": 14400, "expires_at": "2025-05-11T19:50:27.110563"}
{"timestamp": "2025-05-11T15:50:27.112333", "level": "INFO", "service": "tiny_auth_server", "correlation_id": "N/A", "message": "Token salvo no arquivo", "file": "tiny_token.json"}
{"timestamp": "2025-05-11T15:50:27.114566", "level": "INFO", "service": "tiny_auth_server", "correlation_id": "N/A", "message": "Renova\u00e7\u00e3o autom\u00e1tica de token conclu\u00edda com sucesso"}
{"timestamp": "2025-05-11T18:59:09.995132", "level": "INFO", "service": "tiny_auth_server", "correlation_id": "N/A", "message": "Token carregado do arquivo", "file": "tiny_token.json"}
{"timestamp": "2025-05-11T18:59:09.996007", "level": "ERROR", "service": "tiny_auth_server", "correlation_id": "N/A", "message": "Erro ao executar o servidor", "exception": {"type": "BrokenPipeError", "message": "[Errno 32] Broken pipe"}}
{"timestamp": "2025-05-11T19:03:01.361105", "level": "INFO", "service": "tiny_auth_server", "correlation_id": "N/A", "message": "Token carregado do arquivo", "file": "tiny_token.json"}
{"timestamp": "2025-05-11T19:03:01.361803", "level": "INFO", "service": "tiny_auth_server", "correlation_id": "N/A", "message": "Iniciando thread de monitoramento de token"}
{"timestamp": "2025-05-11T19:03:01.361890", "level": "INFO", "service": "tiny_auth_server", "correlation_id": "N/A", "message": "Thread de monitoramento de token iniciada"}
{"timestamp": "2025-05-11T19:03:01.362205", "level": "INFO", "service": "tiny_auth_server", "correlation_id": "N/A", "message": "Servidor de autentica\u00e7\u00e3o rodando em http://localhost:8080"}
{"timestamp": "2025-05-11T19:03:01.362249", "level": "INFO", "service": "tiny_auth_server", "correlation_id": "N/A", "message": "URI de Redirecionamento configurado: http://localhost:8080/callback"}
{"timestamp": "2025-05-11T19:03:01.362281", "level": "INFO", "service": "tiny_auth_server", "correlation_id": "N/A", "message": "Acesse http://localhost:{PORT}/ para iniciar."}
{"timestamp": "2025-05-11T19:03:09.400116", "level": "INFO", "service": "tiny_auth_server", "correlation_id": "N/A", "message": "Token carregado do arquivo", "file": "tiny_token.json"}
{"timestamp": "2025-05-11T19:03:13.296988", "level": "INFO", "service": "tiny_auth_server", "correlation_id": "N/A", "message": "Iniciando troca de c\u00f3digo por token"}
{"timestamp": "2025-05-11T19:03:15.382154", "level": "INFO", "service": "tiny_auth_server", "correlation_id": "N/A", "message": "Tokens obtidos com sucesso", "expires_in": 14400, "expires_at": "2025-05-11T23:03:15.382042"}
{"timestamp": "2025-05-11T19:03:15.383570", "level": "INFO", "service": "tiny_auth_server", "correlation_id": "N/A", "message": "Token salvo no arquivo", "file": "tiny_token.json"}
{"timestamp": "2025-05-11T22:48:01.592064", "level": "INFO", "service": "tiny_auth_server", "correlation_id": "N/A", "message": "Token expirar\u00e1 em 914 segundos, iniciando renova\u00e7\u00e3o autom\u00e1tica"}
{"timestamp": "2025-05-11T22:48:01.596648", "level": "INFO", "service": "tiny_auth_server", "correlation_id": "N/A", "message": "Iniciando renova\u00e7\u00e3o do access token"}
{"timestamp": "2025-05-11T22:48:03.294417", "level": "INFO", "service": "tiny_auth_server", "correlation_id": "N/A", "message": "Access token renovado com sucesso", "expires_in": 14400, "expires_at": "2025-05-12T02:48:03.294083"}
{"timestamp": "2025-05-11T22:48:03.299344", "level": "INFO", "service": "tiny_auth_server", "correlation_id": "N/A", "message": "Token salvo no arquivo", "file": "tiny_token.json"}
{"timestamp": "2025-05-11T22:48:03.304870", "level": "INFO", "service": "tiny_auth_server", "correlation_id": "N/A", "message": "Renova\u00e7\u00e3o autom\u00e1tica de token conclu\u00edda com sucesso"}
{"timestamp": "2025-05-12T02:18:03.527841", "level": "INFO", "service": "tiny_auth_server", "correlation_id": "N/A", "message": "Token expirar\u00e1 em 1800 segundos, iniciando renova\u00e7\u00e3o autom\u00e1tica"}
{"timestamp": "2025-05-12T02:18:03.532031", "level": "INFO", "service": "tiny_auth_server", "correlation_id": "N/A", "message": "Iniciando renova\u00e7\u00e3o do access token"}
{"timestamp": "2025-05-12T02:18:04.987748", "level": "INFO", "service": "tiny_auth_server", "correlation_id": "N/A", "message": "Access token renovado com sucesso", "expires_in": 14400, "expires_at": "2025-05-12T06:18:04.987471"}
{"timestamp": "2025-05-12T02:18:04.992270", "level": "INFO", "service": "tiny_auth_server", "correlation_id": "N/A", "message": "Token salvo no arquivo", "file": "tiny_token.json"}
{"timestamp": "2025-05-12T02:18:04.995359", "level": "INFO", "service": "tiny_auth_server", "correlation_id": "N/A", "message": "Renova\u00e7\u00e3o autom\u00e1tica de token conclu\u00edda com sucesso"}
{"timestamp": "2025-05-12T05:48:05.223388", "level": "INFO", "service": "tiny_auth_server", "correlation_id": "N/A", "message": "Token expirar\u00e1 em 1800 segundos, iniciando renova\u00e7\u00e3o autom\u00e1tica"}
{"timestamp": "2025-05-12T05:48:05.226915", "level": "INFO", "service": "tiny_auth_server", "correlation_id": "N/A", "message": "Iniciando renova\u00e7\u00e3o do access token"}
{"timestamp": "2025-05-12T05:48:06.720048", "level": "INFO", "service": "tiny_auth_server", "correlation_id": "N/A", "message": "Access token renovado com sucesso", "expires_in": 14400, "expires_at": "2025-05-12T09:48:06.719565"}
{"timestamp": "2025-05-12T05:48:06.723921", "level": "INFO", "service": "tiny_auth_server", "correlation_id": "N/A", "message": "Token salvo no arquivo", "file": "tiny_token.json"}
{"timestamp": "2025-05-12T05:48:06.727374", "level": "INFO", "service": "tiny_auth_server", "correlation_id": "N/A", "message": "Renova\u00e7\u00e3o autom\u00e1tica de token conclu\u00edda com sucesso"}
{"timestamp": "2025-05-12T09:18:06.953305", "level": "INFO", "service": "tiny_auth_server", "correlation_id": "N/A", "message": "Token expirar\u00e1 em 1800 segundos, iniciando renova\u00e7\u00e3o autom\u00e1tica"}
{"timestamp": "2025-05-12T09:18:06.956784", "level": "INFO", "service": "tiny_auth_server", "correlation_id": "N/A", "message": "Iniciando renova\u00e7\u00e3o do access token"}
{"timestamp": "2025-05-12T09:18:08.667966", "level": "INFO", "service": "tiny_auth_server", "correlation_id": "N/A", "message": "Access token renovado com sucesso", "expires_in": 14400, "expires_at": "2025-05-12T13:18:08.667721"}
{"timestamp": "2025-05-12T09:18:08.670075", "level": "INFO", "service": "tiny_auth_server", "correlation_id": "N/A", "message": "Token salvo no arquivo", "file": "tiny_token.json"}
{"timestamp": "2025-05-12T09:18:08.673212", "level": "INFO", "service": "tiny_auth_server", "correlation_id": "N/A", "message": "Renova\u00e7\u00e3o autom\u00e1tica de token conclu\u00edda com sucesso"}
{"timestamp": "2025-05-12T12:14:05.349830", "level": "INFO", "service": "tiny_auth_server", "correlation_id": "N/A", "message": "Token carregado do arquivo", "file": "tiny_token.json"}
{"timestamp": "2025-05-12T12:59:59.043325", "level": "INFO", "service": "tiny_auth_server", "correlation_id": "N/A", "message": "Token expirar\u00e1 em 1090 segundos, iniciando renova\u00e7\u00e3o autom\u00e1tica"}
{"timestamp": "2025-05-12T12:59:59.054521", "level": "INFO", "service": "tiny_auth_server", "correlation_id": "N/A", "message": "Iniciando renova\u00e7\u00e3o do access token"}
{"timestamp": "2025-05-12T12:59:59.522726", "level": "INFO", "service": "tiny_auth_server", "correlation_id": "N/A", "message": "Access token renovado com sucesso", "expires_in": 14400, "expires_at": "2025-05-12T16:59:59.522569"}
{"timestamp": "2025-05-12T12:59:59.524953", "level": "INFO", "service": "tiny_auth_server", "correlation_id": "N/A", "message": "Token salvo no arquivo", "file": "tiny_token.json"}
{"timestamp": "2025-05-12T12:59:59.527996", "level": "INFO", "service": "tiny_auth_server", "correlation_id": "N/A", "message": "Renova\u00e7\u00e3o autom\u00e1tica de token conclu\u00edda com sucesso"}
{"timestamp": "2025-05-12T16:29:59.616991", "level": "INFO", "service": "tiny_auth_server", "correlation_id": "N/A", "message": "Token expirar\u00e1 em 1800 segundos, iniciando renova\u00e7\u00e3o autom\u00e1tica"}
{"timestamp": "2025-05-12T16:29:59.619958", "level": "INFO", "service": "tiny_auth_server", "correlation_id": "N/A", "message": "Iniciando renova\u00e7\u00e3o do access token"}
{"timestamp": "2025-05-12T16:30:00.148415", "level": "INFO", "service": "tiny_auth_server", "correlation_id": "N/A", "message": "Access token renovado com sucesso", "expires_in": 14400, "expires_at": "2025-05-12T20:30:00.148139"}
{"timestamp": "2025-05-12T16:30:00.150744", "level": "INFO", "service": "tiny_auth_server", "correlation_id": "N/A", "message": "Token salvo no arquivo", "file": "tiny_token.json"}
{"timestamp": "2025-05-12T16:30:00.155338", "level": "INFO", "service": "tiny_auth_server", "correlation_id": "N/A", "message": "Renova\u00e7\u00e3o autom\u00e1tica de token conclu\u00edda com sucesso"}
{"timestamp": "2025-05-12T19:06:14.015654", "level": "INFO", "service": "tiny_auth_server", "correlation_id": "N/A", "message": "Token carregado do arquivo", "file": "tiny_token.json"}
{"timestamp": "2025-05-12T19:06:14.016134", "level": "INFO", "service": "tiny_auth_server", "correlation_id": "N/A", "message": "Iniciando thread de monitoramento de token"}
{"timestamp": "2025-05-12T19:06:14.016218", "level": "INFO", "service": "tiny_auth_server", "correlation_id": "N/A", "message": "Thread de monitoramento de token iniciada"}
{"timestamp": "2025-05-12T19:06:14.016411", "level": "INFO", "service": "tiny_auth_server", "correlation_id": "N/A", "message": "Servidor de autentica\u00e7\u00e3o rodando em http://localhost:8080"}
{"timestamp": "2025-05-12T19:06:14.016462", "level": "INFO", "service": "tiny_auth_server", "correlation_id": "N/A", "message": "URI de Redirecionamento configurado: http://localhost:8080/callback"}
{"timestamp": "2025-05-12T19:06:14.016495", "level": "INFO", "service": "tiny_auth_server", "correlation_id": "N/A", "message": "Acesse http://localhost:{PORT}/ para iniciar."}
{"timestamp": "2025-05-12T19:07:55.186038", "level": "INFO", "service": "tiny_auth_server", "correlation_id": "N/A", "message": "Token carregado do arquivo", "file": "tiny_token.json"}
{"timestamp": "2025-05-12T19:07:59.209229", "level": "INFO", "service": "tiny_auth_server", "correlation_id": "N/A", "message": "Iniciando troca de c\u00f3digo por token"}
{"timestamp": "2025-05-12T19:08:00.933988", "level": "INFO", "service": "tiny_auth_server", "correlation_id": "N/A", "message": "Tokens obtidos com sucesso", "expires_in": 14400, "expires_at": "2025-05-12T23:08:00.933814"}
{"timestamp": "2025-05-12T19:08:00.943633", "level": "INFO", "service": "tiny_auth_server", "correlation_id": "N/A", "message": "Token salvo no arquivo", "file": "tiny_token.json"}
{"timestamp": "2025-05-12T22:51:14.126244", "level": "INFO", "service": "tiny_auth_server", "correlation_id": "N/A", "message": "Token expirar\u00e1 em 1007 segundos, iniciando renova\u00e7\u00e3o autom\u00e1tica"}
{"timestamp": "2025-05-12T22:51:14.130058", "level": "INFO", "service": "tiny_auth_server", "correlation_id": "N/A", "message": "Iniciando renova\u00e7\u00e3o do access token"}
{"timestamp": "2025-05-12T22:51:16.231236", "level": "INFO", "service": "tiny_auth_server", "correlation_id": "N/A", "message": "Access token renovado com sucesso", "expires_in": 14400, "expires_at": "2025-05-13T02:51:16.231135"}
{"timestamp": "2025-05-12T22:51:16.234858", "level": "INFO", "service": "tiny_auth_server", "correlation_id": "N/A", "message": "Token salvo no arquivo", "file": "tiny_token.json"}
{"timestamp": "2025-05-12T22:51:16.236044", "level": "INFO", "service": "tiny_auth_server", "correlation_id": "N/A", "message": "Renova\u00e7\u00e3o autom\u00e1tica de token conclu\u00edda com sucesso"}
{"timestamp": "2025-05-13T02:21:16.299335", "level": "INFO", "service": "tiny_auth_server", "correlation_id": "N/A", "message": "Token expirar\u00e1 em 1800 segundos, iniciando renova\u00e7\u00e3o autom\u00e1tica"}
{"timestamp": "2025-05-13T02:21:16.302870", "level": "INFO", "service": "tiny_auth_server", "correlation_id": "N/A", "message": "Iniciando renova\u00e7\u00e3o do access token"}
{"timestamp": "2025-05-13T02:21:17.810905", "level": "INFO", "service": "tiny_auth_server", "correlation_id": "N/A", "message": "Access token renovado com sucesso", "expires_in": 14400, "expires_at": "2025-05-13T06:21:17.810630"}
{"timestamp": "2025-05-13T02:21:17.814593", "level": "INFO", "service": "tiny_auth_server", "correlation_id": "N/A", "message": "Token salvo no arquivo", "file": "tiny_token.json"}
{"timestamp": "2025-05-13T02:21:17.816002", "level": "INFO", "service": "tiny_auth_server", "correlation_id": "N/A", "message": "Renova\u00e7\u00e3o autom\u00e1tica de token conclu\u00edda com sucesso"}
{"timestamp": "2025-05-13T05:23:19.368665", "level": "INFO", "service": "tiny_auth_server", "correlation_id": "N/A", "message": "Servidor interrompido pelo usu\u00e1rio"}
{"timestamp": "2025-05-13T05:23:29.696720", "level": "INFO", "service": "tiny_auth_server", "correlation_id": "N/A", "message": "Token carregado do arquivo", "file": "tiny_token.json"}
{"timestamp": "2025-05-13T05:23:29.696911", "level": "INFO", "service": "tiny_auth_server", "correlation_id": "N/A", "message": "Iniciando thread de monitoramento de token"}
{"timestamp": "2025-05-13T05:23:29.696971", "level": "INFO", "service": "tiny_auth_server", "correlation_id": "N/A", "message": "Thread de monitoramento de token iniciada"}
{"timestamp": "2025-05-13T05:23:29.697119", "level": "INFO", "service": "tiny_auth_server", "correlation_id": "N/A", "message": "Servidor de autentica\u00e7\u00e3o rodando em http://localhost:8080"}
{"timestamp": "2025-05-13T05:23:29.697161", "level": "INFO", "service": "tiny_auth_server", "correlation_id": "N/A", "message": "URI de Redirecionamento configurado: http://localhost:8080/callback"}
{"timestamp": "2025-05-13T05:23:29.697193", "level": "INFO", "service": "tiny_auth_server", "correlation_id": "N/A", "message": "Acesse http://localhost:{PORT}/ para iniciar."}
{"timestamp": "2025-05-13T05:23:49.259641", "level": "INFO", "service": "tiny_auth_server", "correlation_id": "N/A", "message": "Token carregado do arquivo", "file": "tiny_token.json"}
{"timestamp": "2025-05-13T05:23:52.396713", "level": "INFO", "service": "tiny_auth_server", "correlation_id": "N/A", "message": "Iniciando troca de c\u00f3digo por token"}
{"timestamp": "2025-05-13T05:23:54.257987", "level": "INFO", "service": "tiny_auth_server", "correlation_id": "N/A", "message": "Tokens obtidos com sucesso", "expires_in": 14400, "expires_at": "2025-05-13T09:23:54.257793"}
{"timestamp": "2025-05-13T05:23:54.261374", "level": "INFO", "service": "tiny_auth_server", "correlation_id": "N/A", "message": "Token salvo no arquivo", "file": "tiny_token.json"}
{"timestamp": "2025-05-13T08:54:04.091547", "level": "INFO", "service": "tiny_auth_server", "correlation_id": "N/A", "message": "Token expirar\u00e1 em 1790 segundos, iniciando renova\u00e7\u00e3o autom\u00e1tica"}
{"timestamp": "2025-05-13T08:54:04.094657", "level": "INFO", "service": "tiny_auth_server", "correlation_id": "N/A", "message": "Iniciando renova\u00e7\u00e3o do access token"}
{"timestamp": "2025-05-13T08:54:04.655131", "level": "INFO", "service": "tiny_auth_server", "correlation_id": "N/A", "message": "Access token renovado com sucesso", "expires_in": 14400, "expires_at": "2025-05-13T12:54:04.654994"}
{"timestamp": "2025-05-13T08:54:04.658455", "level": "INFO", "service": "tiny_auth_server", "correlation_id": "N/A", "message": "Token salvo no arquivo", "file": "tiny_token.json"}
{"timestamp": "2025-05-13T08:54:04.660534", "level": "INFO", "service": "tiny_auth_server", "correlation_id": "N/A", "message": "Renova\u00e7\u00e3o autom\u00e1tica de token conclu\u00edda com sucesso"}
{"timestamp": "2025-05-13T12:24:04.957793", "level": "INFO", "service": "tiny_auth_server", "correlation_id": "N/A", "message": "Token expirar\u00e1 em 1800 segundos, iniciando renova\u00e7\u00e3o autom\u00e1tica"}
{"timestamp": "2025-05-13T12:24:04.960885", "level": "INFO", "service": "tiny_auth_server", "correlation_id": "N/A", "message": "Iniciando renova\u00e7\u00e3o do access token"}
{"timestamp": "2025-05-13T12:24:05.530800", "level": "INFO", "service": "tiny_auth_server", "correlation_id": "N/A", "message": "Access token renovado com sucesso", "expires_in": 14400, "expires_at": "2025-05-13T16:24:05.530681"}
{"timestamp": "2025-05-13T12:24:05.532471", "level": "INFO", "service": "tiny_auth_server", "correlation_id": "N/A", "message": "Token salvo no arquivo", "file": "tiny_token.json"}
{"timestamp": "2025-05-13T12:24:05.533678", "level": "INFO", "service": "tiny_auth_server", "correlation_id": "N/A", "message": "Renova\u00e7\u00e3o autom\u00e1tica de token conclu\u00edda com sucesso"}
{"timestamp": "2025-05-13T12:59:39.198873", "level": "INFO", "service": "tiny_auth_server", "correlation_id": "N/A", "message": "Servidor interrompido pelo usu\u00e1rio"}
{"timestamp": "2025-05-13T12:59:41.960453", "level": "INFO", "service": "tiny_auth_server", "correlation_id": "N/A", "message": "Token carregado do arquivo", "file": "tiny_token.json"}
{"timestamp": "2025-05-13T12:59:41.960666", "level": "INFO", "service": "tiny_auth_server", "correlation_id": "N/A", "message": "Iniciando thread de monitoramento de token"}
{"timestamp": "2025-05-13T12:59:41.960755", "level": "INFO", "service": "tiny_auth_server", "correlation_id": "N/A", "message": "Thread de monitoramento de token iniciada"}
{"timestamp": "2025-05-13T12:59:41.960876", "level": "INFO", "service": "tiny_auth_server", "correlation_id": "N/A", "message": "Servidor de autentica\u00e7\u00e3o rodando em http://localhost:8080"}
{"timestamp": "2025-05-13T12:59:41.960913", "level": "INFO", "service": "tiny_auth_server", "correlation_id": "N/A", "message": "URI de Redirecionamento configurado: http://localhost:8080/callback"}
{"timestamp": "2025-05-13T12:59:41.960967", "level": "INFO", "service": "tiny_auth_server", "correlation_id": "N/A", "message": "Acesse http://localhost:{PORT}/ para iniciar."}
{"timestamp": "2025-05-13T13:00:10.535670", "level": "INFO", "service": "tiny_auth_server", "correlation_id": "N/A", "message": "Token carregado do arquivo", "file": "tiny_token.json"}
{"timestamp": "2025-05-13T13:00:42.484842", "level": "INFO", "service": "tiny_auth_server", "correlation_id": "N/A", "message": "Iniciando troca de c\u00f3digo por token"}
{"timestamp": "2025-05-13T13:00:42.905885", "level": "INFO", "service": "tiny_auth_server", "correlation_id": "N/A", "message": "Tokens obtidos com sucesso", "expires_in": 14400, "expires_at": "2025-05-13T17:00:42.905797"}
{"timestamp": "2025-05-13T13:00:42.907024", "level": "INFO", "service": "tiny_auth_server", "correlation_id": "N/A", "message": "Token salvo no arquivo", "file": "tiny_token.json"}
{"timestamp": "2025-05-13T15:04:16.899149", "level": "INFO", "service": "tiny_auth_server", "correlation_id": "N/A", "message": "Token carregado do arquivo", "file": "tiny_token.json"}
{"timestamp": "2025-05-13T16:44:42.074244", "level": "INFO", "service": "tiny_auth_server", "correlation_id": "N/A", "message": "Token expirar\u00e1 em 961 segundos, iniciando renova\u00e7\u00e3o autom\u00e1tica"}
{"timestamp": "2025-05-13T16:44:42.078145", "level": "INFO", "service": "tiny_auth_server", "correlation_id": "N/A", "message": "Iniciando renova\u00e7\u00e3o do access token"}
{"timestamp": "2025-05-13T16:44:42.698258", "level": "INFO", "service": "tiny_auth_server", "correlation_id": "N/A", "message": "Access token renovado com sucesso", "expires_in": 14400, "expires_at": "2025-05-13T20:44:42.698019"}
{"timestamp": "2025-05-13T16:44:42.702092", "level": "INFO", "service": "tiny_auth_server", "correlation_id": "N/A", "message": "Token salvo no arquivo", "file": "tiny_token.json"}
{"timestamp": "2025-05-13T16:44:42.704998", "level": "INFO", "service": "tiny_auth_server", "correlation_id": "N/A", "message": "Renova\u00e7\u00e3o autom\u00e1tica de token conclu\u00edda com sucesso"}
{"timestamp": "2025-05-13T20:17:41.092474", "level": "INFO", "service": "tiny_auth_server", "correlation_id": "N/A", "message": "Token expirar\u00e1 em 1622 segundos, iniciando renova\u00e7\u00e3o autom\u00e1tica"}
{"timestamp": "2025-05-13T20:17:41.101386", "level": "INFO", "service": "tiny_auth_server", "correlation_id": "N/A", "message": "Iniciando renova\u00e7\u00e3o do access token"}
{"timestamp": "2025-05-13T20:17:43.063332", "level": "INFO", "service": "tiny_auth_server", "correlation_id": "N/A", "message": "Access token renovado com sucesso", "expires_in": 14400, "expires_at": "2025-05-14T00:17:43.063160"}
{"timestamp": "2025-05-13T20:17:43.067354", "level": "INFO", "service": "tiny_auth_server", "correlation_id": "N/A", "message": "Token salvo no arquivo", "file": "tiny_token.json"}
{"timestamp": "2025-05-13T20:17:43.070146", "level": "INFO", "service": "tiny_auth_server", "correlation_id": "N/A", "message": "Renova\u00e7\u00e3o autom\u00e1tica de token conclu\u00edda com sucesso"}
{"timestamp": "2025-05-13T23:47:43.300939", "level": "INFO", "service": "tiny_auth_server", "correlation_id": "N/A", "message": "Token expirar\u00e1 em 1800 segundos, iniciando renova\u00e7\u00e3o autom\u00e1tica"}
{"timestamp": "2025-05-13T23:47:43.304825", "level": "INFO", "service": "tiny_auth_server", "correlation_id": "N/A", "message": "Iniciando renova\u00e7\u00e3o do access token"}
{"timestamp": "2025-05-13T23:47:45.117540", "level": "INFO", "service": "tiny_auth_server", "correlation_id": "N/A", "message": "Access token renovado com sucesso", "expires_in": 14400, "expires_at": "2025-05-14T03:47:45.117267"}
{"timestamp": "2025-05-13T23:47:45.121352", "level": "INFO", "service": "tiny_auth_server", "correlation_id": "N/A", "message": "Token salvo no arquivo", "file": "tiny_token.json"}
{"timestamp": "2025-05-13T23:47:45.125451", "level": "INFO", "service": "tiny_auth_server", "correlation_id": "N/A", "message": "Renova\u00e7\u00e3o autom\u00e1tica de token conclu\u00edda com sucesso"}
{"timestamp": "2025-05-14T03:17:45.242717", "level": "INFO", "service": "tiny_auth_server", "correlation_id": "N/A", "message": "Token expirar\u00e1 em 1800 segundos, iniciando renova\u00e7\u00e3o autom\u00e1tica"}
{"timestamp": "2025-05-14T03:17:45.246947", "level": "INFO", "service": "tiny_auth_server", "correlation_id": "N/A", "message": "Iniciando renova\u00e7\u00e3o do access token"}
{"timestamp": "2025-05-14T03:17:46.811186", "level": "INFO", "service": "tiny_auth_server", "correlation_id": "N/A", "message": "Access token renovado com sucesso", "expires_in": 14400, "expires_at": "2025-05-14T07:17:46.810938"}
{"timestamp": "2025-05-14T03:17:46.813376", "level": "INFO", "service": "tiny_auth_server", "correlation_id": "N/A", "message": "Token salvo no arquivo", "file": "tiny_token.json"}
{"timestamp": "2025-05-14T03:17:46.817343", "level": "INFO", "service": "tiny_auth_server", "correlation_id": "N/A", "message": "Renova\u00e7\u00e3o autom\u00e1tica de token conclu\u00edda com sucesso"}
{"timestamp": "2025-05-14T06:47:46.893768", "level": "INFO", "service": "tiny_auth_server", "correlation_id": "N/A", "message": "Token expirar\u00e1 em 1800 segundos, iniciando renova\u00e7\u00e3o autom\u00e1tica"}
{"timestamp": "2025-05-14T06:47:46.897891", "level": "INFO", "service": "tiny_auth_server", "correlation_id": "N/A", "message": "Iniciando renova\u00e7\u00e3o do access token"}
{"timestamp": "2025-05-14T06:47:48.445007", "level": "INFO", "service": "tiny_auth_server", "correlation_id": "N/A", "message": "Access token renovado com sucesso", "expires_in": 14400, "expires_at": "2025-05-14T10:47:48.444705"}
{"timestamp": "2025-05-14T06:47:48.448245", "level": "INFO", "service": "tiny_auth_server", "correlation_id": "N/A", "message": "Token salvo no arquivo", "file": "tiny_token.json"}
{"timestamp": "2025-05-14T06:47:48.456869", "level": "INFO", "service": "tiny_auth_server", "correlation_id": "N/A", "message": "Renova\u00e7\u00e3o autom\u00e1tica de token conclu\u00edda com sucesso"}
{"timestamp": "2025-05-14T09:41:17.996912", "level": "INFO", "service": "tiny_auth_server", "correlation_id": "N/A", "message": "Token carregado do arquivo", "file": "tiny_token.json"}
{"timestamp": "2025-05-14T09:41:51.388634", "level": "INFO", "service": "tiny_auth_server", "correlation_id": "N/A", "message": "Iniciando troca de c\u00f3digo por token"}
{"timestamp": "2025-05-14T09:41:52.944421", "level": "INFO", "service": "tiny_auth_server", "correlation_id": "N/A", "message": "Tokens obtidos com sucesso", "expires_in": 14400, "expires_at": "2025-05-14T13:41:52.944294"}
{"timestamp": "2025-05-14T09:41:52.946101", "level": "INFO", "service": "tiny_auth_server", "correlation_id": "N/A", "message": "Token salvo no arquivo", "file": "tiny_token.json"}
{"timestamp": "2025-05-14T13:22:55.216133", "level": "INFO", "service": "tiny_auth_server", "correlation_id": "N/A", "message": "Token expirar\u00e1 em 1138 segundos, iniciando renova\u00e7\u00e3o autom\u00e1tica"}
{"timestamp": "2025-05-14T13:22:55.222208", "level": "INFO", "service": "tiny_auth_server", "correlation_id": "N/A", "message": "Iniciando renova\u00e7\u00e3o do access token"}
{"timestamp": "2025-05-14T13:22:55.621465", "level": "INFO", "service": "tiny_auth_server", "correlation_id": "N/A", "message": "Access token renovado com sucesso", "expires_in": 14400, "expires_at": "2025-05-14T17:22:55.621309"}
{"timestamp": "2025-05-14T13:22:55.624438", "level": "INFO", "service": "tiny_auth_server", "correlation_id": "N/A", "message": "Token salvo no arquivo", "file": "tiny_token.json"}
{"timestamp": "2025-05-14T13:22:55.627102", "level": "INFO", "service": "tiny_auth_server", "correlation_id": "N/A", "message": "Renova\u00e7\u00e3o autom\u00e1tica de token conclu\u00edda com sucesso"}
{"timestamp": "2025-05-14T17:05:39.991801", "level": "INFO", "service": "tiny_auth_server", "correlation_id": "N/A", "message": "Token carregado do arquivo", "file": "tiny_token.json"}
{"timestamp": "2025-05-14T17:06:12.830707", "level": "INFO", "service": "tiny_auth_server", "correlation_id": "N/A", "message": "Iniciando troca de c\u00f3digo por token"}
{"timestamp": "2025-05-14T17:06:13.352408", "level": "INFO", "service": "tiny_auth_server", "correlation_id": "N/A", "message": "Tokens obtidos com sucesso", "expires_in": 14400, "expires_at": "2025-05-14T21:06:13.352172"}
{"timestamp": "2025-05-14T17:06:13.357355", "level": "INFO", "service": "tiny_auth_server", "correlation_id": "N/A", "message": "Token salvo no arquivo", "file": "tiny_token.json"}
{"timestamp": "2025-05-14T20:50:14.457097", "level": "INFO", "service": "tiny_auth_server", "correlation_id": "N/A", "message": "Token expirar\u00e1 em 959 segundos, iniciando renova\u00e7\u00e3o autom\u00e1tica"}
{"timestamp": "2025-05-14T20:50:14.464918", "level": "INFO", "service": "tiny_auth_server", "correlation_id": "N/A", "message": "Iniciando renova\u00e7\u00e3o do access token"}
{"timestamp": "2025-05-14T20:50:16.407131", "level": "INFO", "service": "tiny_auth_server", "correlation_id": "N/A", "message": "Access token renovado com sucesso", "expires_in": 14400, "expires_at": "2025-05-15T00:50:16.403909"}
{"timestamp": "2025-05-14T20:50:16.409329", "level": "INFO", "service": "tiny_auth_server", "correlation_id": "N/A", "message": "Token salvo no arquivo", "file": "tiny_token.json"}
{"timestamp": "2025-05-14T20:50:16.412224", "level": "INFO", "service": "tiny_auth_server", "correlation_id": "N/A", "message": "Renova\u00e7\u00e3o autom\u00e1tica de token conclu\u00edda com sucesso"}
{"timestamp": "2025-05-15T00:20:16.543250", "level": "INFO", "service": "tiny_auth_server", "correlation_id": "N/A", "message": "Token expirar\u00e1 em 1800 segundos, iniciando renova\u00e7\u00e3o autom\u00e1tica"}
{"timestamp": "2025-05-15T00:20:16.550137", "level": "INFO", "service": "tiny_auth_server", "correlation_id": "N/A", "message": "Iniciando renova\u00e7\u00e3o do access token"}
{"timestamp": "2025-05-15T00:20:18.463518", "level": "INFO", "service": "tiny_auth_server", "correlation_id": "N/A", "message": "Access token renovado com sucesso", "expires_in": 14400, "expires_at": "2025-05-15T04:20:18.463371"}
{"timestamp": "2025-05-15T00:20:18.466231", "level": "INFO", "service": "tiny_auth_server", "correlation_id": "N/A", "message": "Token salvo no arquivo", "file": "tiny_token.json"}
{"timestamp": "2025-05-15T00:20:18.468423", "level": "INFO", "service": "tiny_auth_server", "correlation_id": "N/A", "message": "Renova\u00e7\u00e3o autom\u00e1tica de token conclu\u00edda com sucesso"}
{"timestamp": "2025-05-15T03:50:18.489021", "level": "INFO", "service": "tiny_auth_server", "correlation_id": "N/A", "message": "Token expirar\u00e1 em 1800 segundos, iniciando renova\u00e7\u00e3o autom\u00e1tica"}
{"timestamp": "2025-05-15T03:50:18.494830", "level": "INFO", "service": "tiny_auth_server", "correlation_id": "N/A", "message": "Iniciando renova\u00e7\u00e3o do access token"}
{"timestamp": "2025-05-15T03:50:20.126574", "level": "INFO", "service": "tiny_auth_server", "correlation_id": "N/A", "message": "Access token renovado com sucesso", "expires_in": 14400, "expires_at": "2025-05-15T07:50:20.126314"}
{"timestamp": "2025-05-15T03:50:20.132805", "level": "INFO", "service": "tiny_auth_server", "correlation_id": "N/A", "message": "Token salvo no arquivo", "file": "tiny_token.json"}
{"timestamp": "2025-05-15T03:50:20.137914", "level": "INFO", "service": "tiny_auth_server", "correlation_id": "N/A", "message": "Renova\u00e7\u00e3o autom\u00e1tica de token conclu\u00edda com sucesso"}
{"timestamp": "2025-05-15T07:20:20.218460", "level": "INFO", "service": "tiny_auth_server", "correlation_id": "N/A", "message": "Token expirar\u00e1 em 1800 segundos, iniciando renova\u00e7\u00e3o autom\u00e1tica"}
{"timestamp": "2025-05-15T07:20:20.222627", "level": "INFO", "service": "tiny_auth_server", "correlation_id": "N/A", "message": "Iniciando renova\u00e7\u00e3o do access token"}
{"timestamp": "2025-05-15T07:20:22.497451", "level": "INFO", "service": "tiny_auth_server", "correlation_id": "N/A", "message": "Access token renovado com sucesso", "expires_in": 14400, "expires_at": "2025-05-15T11:20:22.497160"}
{"timestamp": "2025-05-15T07:20:22.500921", "level": "INFO", "service": "tiny_auth_server", "correlation_id": "N/A", "message": "Token salvo no arquivo", "file": "tiny_token.json"}
{"timestamp": "2025-05-15T07:20:22.505079", "level": "INFO", "service": "tiny_auth_server", "correlation_id": "N/A", "message": "Renova\u00e7\u00e3o autom\u00e1tica de token conclu\u00edda com sucesso"}
{"timestamp": "2025-05-15T11:13:17.114333", "level": "INFO", "service": "tiny_auth_server", "correlation_id": "N/A", "message": "Token carregado do arquivo", "file": "tiny_token.json"}
{"timestamp": "2025-05-15T11:13:49.143392", "level": "INFO", "service": "tiny_auth_server", "correlation_id": "N/A", "message": "Iniciando troca de c\u00f3digo por token"}
{"timestamp": "2025-05-15T11:13:49.960348", "level": "INFO", "service": "tiny_auth_server", "correlation_id": "N/A", "message": "Tokens obtidos com sucesso", "expires_in": 14400, "expires_at": "2025-05-15T15:13:49.960243"}
{"timestamp": "2025-05-15T11:13:49.963494", "level": "INFO", "service": "tiny_auth_server", "correlation_id": "N/A", "message": "Token salvo no arquivo", "file": "tiny_token.json"}
{"timestamp": "2025-05-15T14:49:53.847986", "level": "INFO", "service": "tiny_auth_server", "correlation_id": "N/A", "message": "Token expirar\u00e1 em 1436 segundos, iniciando renova\u00e7\u00e3o autom\u00e1tica"}
{"timestamp": "2025-05-15T14:49:53.855091", "level": "INFO", "service": "tiny_auth_server", "correlation_id": "N/A", "message": "Iniciando renova\u00e7\u00e3o do access token"}
{"timestamp": "2025-05-15T14:49:54.223646", "level": "INFO", "service": "tiny_auth_server", "correlation_id": "N/A", "message": "Access token renovado com sucesso", "expires_in": 14400, "expires_at": "2025-05-15T18:49:54.223377"}
{"timestamp": "2025-05-15T14:49:54.227782", "level": "INFO", "service": "tiny_auth_server", "correlation_id": "N/A", "message": "Token salvo no arquivo", "file": "tiny_token.json"}
{"timestamp": "2025-05-15T14:49:54.232974", "level": "INFO", "service": "tiny_auth_server", "correlation_id": "N/A", "message": "Renova\u00e7\u00e3o autom\u00e1tica de token conclu\u00edda com sucesso"}
{"timestamp": "2025-05-15T18:26:07.268119", "level": "INFO", "service": "tiny_auth_server", "correlation_id": "N/A", "message": "Token expirar\u00e1 em 1427 segundos, iniciando renova\u00e7\u00e3o autom\u00e1tica"}
{"timestamp": "2025-05-15T18:26:07.278669", "level": "INFO", "service": "tiny_auth_server", "correlation_id": "N/A", "message": "Iniciando renova\u00e7\u00e3o do access token"}
{"timestamp": "2025-05-15T18:26:07.884253", "level": "INFO", "service": "tiny_auth_server", "correlation_id": "N/A", "message": "Access token renovado com sucesso", "expires_in": 14400, "expires_at": "2025-05-15T22:26:07.884019"}
{"timestamp": "2025-05-15T18:26:07.887931", "level": "INFO", "service": "tiny_auth_server", "correlation_id": "N/A", "message": "Token salvo no arquivo", "file": "tiny_token.json"}
{"timestamp": "2025-05-15T18:26:07.892381", "level": "INFO", "service": "tiny_auth_server", "correlation_id": "N/A", "message": "Renova\u00e7\u00e3o autom\u00e1tica de token conclu\u00edda com sucesso"}
{"timestamp": "2025-05-15T22:03:40.078198", "level": "INFO", "service": "tiny_auth_server", "correlation_id": "N/A", "message": "Token expirar\u00e1 em 1348 segundos, iniciando renova\u00e7\u00e3o autom\u00e1tica"}
{"timestamp": "2025-05-15T22:03:40.088248", "level": "INFO", "service": "tiny_auth_server", "correlation_id": "N/A", "message": "Iniciando renova\u00e7\u00e3o do access token"}
{"timestamp": "2025-05-15T22:03:42.088758", "level": "INFO", "service": "tiny_auth_server", "correlation_id": "N/A", "message": "Access token renovado com sucesso", "expires_in": 14400, "expires_at": "2025-05-16T02:03:42.088548"}
{"timestamp": "2025-05-15T22:03:42.090648", "level": "INFO", "service": "tiny_auth_server", "correlation_id": "N/A", "message": "Token salvo no arquivo", "file": "tiny_token.json"}
{"timestamp": "2025-05-15T22:03:42.094964", "level": "INFO", "service": "tiny_auth_server", "correlation_id": "N/A", "message": "Renova\u00e7\u00e3o autom\u00e1tica de token conclu\u00edda com sucesso"}
{"timestamp": "2025-05-16T01:48:42.071687", "level": "INFO", "service": "tiny_auth_server", "correlation_id": "N/A", "message": "Token expirar\u00e1 em 900 segundos, iniciando renova\u00e7\u00e3o autom\u00e1tica"}
{"timestamp": "2025-05-16T01:48:42.076809", "level": "INFO", "service": "tiny_auth_server", "correlation_id": "N/A", "message": "Iniciando renova\u00e7\u00e3o do access token"}
{"timestamp": "2025-05-16T01:48:43.667480", "level": "INFO", "service": "tiny_auth_server", "correlation_id": "N/A", "message": "Access token renovado com sucesso", "expires_in": 14400, "expires_at": "2025-05-16T05:48:43.667196"}
{"timestamp": "2025-05-16T01:48:43.671581", "level": "INFO", "service": "tiny_auth_server", "correlation_id": "N/A", "message": "Token salvo no arquivo", "file": "tiny_token.json"}
{"timestamp": "2025-05-16T01:48:43.675752", "level": "INFO", "service": "tiny_auth_server", "correlation_id": "N/A", "message": "Renova\u00e7\u00e3o autom\u00e1tica de token conclu\u00edda com sucesso"}
{"timestamp": "2025-05-16T05:18:43.925713", "level": "INFO", "service": "tiny_auth_server", "correlation_id": "N/A", "message": "Token expirar\u00e1 em 1800 segundos, iniciando renova\u00e7\u00e3o autom\u00e1tica"}
{"timestamp": "2025-05-16T05:18:43.929346", "level": "INFO", "service": "tiny_auth_server", "correlation_id": "N/A", "message": "Iniciando renova\u00e7\u00e3o do access token"}
{"timestamp": "2025-05-16T05:18:45.300754", "level": "INFO", "service": "tiny_auth_server", "correlation_id": "N/A", "message": "Access token renovado com sucesso", "expires_in": 14400, "expires_at": "2025-05-16T09:18:45.300491"}
{"timestamp": "2025-05-16T05:18:45.304298", "level": "INFO", "service": "tiny_auth_server", "correlation_id": "N/A", "message": "Token salvo no arquivo", "file": "tiny_token.json"}
{"timestamp": "2025-05-16T05:18:45.307511", "level": "INFO", "service": "tiny_auth_server", "correlation_id": "N/A", "message": "Renova\u00e7\u00e3o autom\u00e1tica de token conclu\u00edda com sucesso"}
{"timestamp": "2025-05-16T08:48:45.511796", "level": "INFO", "service": "tiny_auth_server", "correlation_id": "N/A", "message": "Token expirar\u00e1 em 1800 segundos, iniciando renova\u00e7\u00e3o autom\u00e1tica"}
{"timestamp": "2025-05-16T08:48:45.518876", "level": "INFO", "service": "tiny_auth_server", "correlation_id": "N/A", "message": "Iniciando renova\u00e7\u00e3o do access token"}
{"timestamp": "2025-05-16T08:48:47.229860", "level": "INFO", "service": "tiny_auth_server", "correlation_id": "N/A", "message": "Access token renovado com sucesso", "expires_in": 14400, "expires_at": "2025-05-16T12:48:47.229629"}
{"timestamp": "2025-05-16T08:48:47.232947", "level": "INFO", "service": "tiny_auth_server", "correlation_id": "N/A", "message": "Token salvo no arquivo", "file": "tiny_token.json"}
{"timestamp": "2025-05-16T08:48:47.236591", "level": "INFO", "service": "tiny_auth_server", "correlation_id": "N/A", "message": "Renova\u00e7\u00e3o autom\u00e1tica de token conclu\u00edda com sucesso"}
{"timestamp": "2025-05-16T11:19:05.285590", "level": "INFO", "service": "tiny_auth_server", "correlation_id": "N/A", "message": "Token carregado do arquivo", "file": "tiny_token.json"}
{"timestamp": "2025-05-16T12:23:54.396979", "level": "INFO", "service": "tiny_auth_server", "correlation_id": "N/A", "message": "Token carregado do arquivo", "file": "tiny_token.json"}
{"timestamp": "2025-05-16T12:23:54.397270", "level": "INFO", "service": "tiny_auth_server", "correlation_id": "N/A", "message": "Iniciando thread de monitoramento de token"}
{"timestamp": "2025-05-16T12:23:54.397329", "level": "INFO", "service": "tiny_auth_server", "correlation_id": "N/A", "message": "Thread de monitoramento de token iniciada"}
{"timestamp": "2025-05-16T12:23:54.397387", "level": "INFO", "service": "tiny_auth_server", "correlation_id": "N/A", "message": "Token expirar\u00e1 em 1493 segundos, iniciando renova\u00e7\u00e3o autom\u00e1tica"}
{"timestamp": "2025-05-16T12:23:54.397440", "level": "INFO", "service": "tiny_auth_server", "correlation_id": "N/A", "message": "Iniciando renova\u00e7\u00e3o do access token"}
{"timestamp": "2025-05-16T12:23:54.397631", "level": "INFO", "service": "tiny_auth_server", "correlation_id": "N/A", "message": "Servidor de autentica\u00e7\u00e3o rodando em http://localhost:8080"}
{"timestamp": "2025-05-16T12:23:54.397688", "level": "INFO", "service": "tiny_auth_server", "correlation_id": "N/A", "message": "URI de Redirecionamento configurado: http://localhost:8080/callback"}
{"timestamp": "2025-05-16T12:23:54.397723", "level": "INFO", "service": "tiny_auth_server", "correlation_id": "N/A", "message": "Acesse http://localhost:{PORT}/ para iniciar."}
{"timestamp": "2025-05-16T12:23:54.813145", "level": "INFO", "service": "tiny_auth_server", "correlation_id": "N/A", "message": "Access token renovado com sucesso", "expires_in": 14400, "expires_at": "2025-05-16T16:23:54.813018"}
{"timestamp": "2025-05-16T12:23:54.814936", "level": "INFO", "service": "tiny_auth_server", "correlation_id": "N/A", "message": "Token salvo no arquivo", "file": "tiny_token.json"}
{"timestamp": "2025-05-16T12:23:54.822132", "level": "INFO", "service": "tiny_auth_server", "correlation_id": "N/A", "message": "Renova\u00e7\u00e3o autom\u00e1tica de token conclu\u00edda com sucesso"}
{"timestamp": "2025-05-16T14:40:49.607993", "level": "INFO", "service": "tiny_auth_server", "correlation_id": "N/A", "message": "Servidor interrompido pelo usu\u00e1rio"}
{"timestamp": "2025-05-16T14:40:52.302415", "level": "INFO", "service": "tiny_auth_server", "correlation_id": "N/A", "message": "Token carregado do arquivo", "file": "tiny_token.json"}
{"timestamp": "2025-05-16T14:40:52.302627", "level": "INFO", "service": "tiny_auth_server", "correlation_id": "N/A", "message": "Iniciando thread de monitoramento de token"}
{"timestamp": "2025-05-16T14:40:52.302702", "level": "INFO", "service": "tiny_auth_server", "correlation_id": "N/A", "message": "Thread de monitoramento de token iniciada"}
{"timestamp": "2025-05-16T14:40:52.302865", "level": "ERROR", "service": "tiny_auth_server", "correlation_id": "N/A", "message": "Erro ao executar o servidor", "exception": {"type": "OSError", "message": "[Errno 48] Address already in use"}}
