{"timestamp": "2025-05-16T17:12:34.698715", "level": "INFO", "service": "database_backup", "correlation_id": "backup-20250516171234", "message": "Database backup process started"}
{"timestamp": "2025-05-16T17:12:34.698839", "level": "INFO", "service": "database_backup", "correlation_id": "backup-20250516171234", "message": "Starting database backup to db_backup_20250516_171234.sql"}
{"timestamp": "2025-05-16T17:12:36.307273", "level": "INFO", "service": "database_backup", "correlation_id": "backup-20250516171236", "message": "Backing up table auth.audit_log_entries"}
{"timestamp": "2025-05-16T17:12:36.806788", "level": "INFO", "service": "database_backup", "correlation_id": "backup-20250516171236", "message": "Backing up table auth.flow_state"}
{"timestamp": "2025-05-16T17:12:37.295130", "level": "INFO", "service": "database_backup", "correlation_id": "backup-20250516171237", "message": "Backing up table auth.identities"}
{"timestamp": "2025-05-16T17:12:37.773384", "level": "INFO", "service": "database_backup", "correlation_id": "backup-20250516171237", "message": "Backing up table auth.instances"}
{"timestamp": "2025-05-16T17:12:38.250703", "level": "INFO", "service": "database_backup", "correlation_id": "backup-20250516171238", "message": "Backing up table auth.mfa_amr_claims"}
{"timestamp": "2025-05-16T17:12:38.727017", "level": "INFO", "service": "database_backup", "correlation_id": "backup-20250516171238", "message": "Backing up table auth.mfa_challenges"}
{"timestamp": "2025-05-16T17:12:39.203682", "level": "INFO", "service": "database_backup", "correlation_id": "backup-20250516171239", "message": "Backing up table auth.mfa_factors"}
{"timestamp": "2025-05-16T17:12:39.681205", "level": "INFO", "service": "database_backup", "correlation_id": "backup-20250516171239", "message": "Backing up table auth.one_time_tokens"}
{"timestamp": "2025-05-16T17:12:40.158948", "level": "INFO", "service": "database_backup", "correlation_id": "backup-20250516171240", "message": "Backing up table auth.refresh_tokens"}
{"timestamp": "2025-05-16T17:12:40.635705", "level": "INFO", "service": "database_backup", "correlation_id": "backup-20250516171240", "message": "Backing up table auth.saml_providers"}
{"timestamp": "2025-05-16T17:12:41.110987", "level": "INFO", "service": "database_backup", "correlation_id": "backup-20250516171241", "message": "Backing up table auth.saml_relay_states"}
{"timestamp": "2025-05-16T17:12:41.587689", "level": "INFO", "service": "database_backup", "correlation_id": "backup-20250516171241", "message": "Backing up table auth.schema_migrations"}
{"timestamp": "2025-05-16T17:12:42.065991", "level": "INFO", "service": "database_backup", "correlation_id": "backup-20250516171242", "message": "Backing up table auth.sessions"}
{"timestamp": "2025-05-16T17:12:42.541517", "level": "INFO", "service": "database_backup", "correlation_id": "backup-20250516171242", "message": "Backing up table auth.sso_domains"}
{"timestamp": "2025-05-16T17:12:43.015407", "level": "INFO", "service": "database_backup", "correlation_id": "backup-20250516171243", "message": "Backing up table auth.sso_providers"}
{"timestamp": "2025-05-16T17:12:43.492732", "level": "INFO", "service": "database_backup", "correlation_id": "backup-20250516171243", "message": "Backing up table auth.users"}
{"timestamp": "2025-05-16T17:12:43.973202", "level": "INFO", "service": "database_backup", "correlation_id": "backup-20250516171243", "message": "Backing up table extensions.pg_stat_statements"}
{"timestamp": "2025-05-16T17:12:45.265352", "level": "INFO", "service": "database_backup", "correlation_id": "backup-20250516171245", "message": "Backing up table extensions.pg_stat_statements_info"}
{"timestamp": "2025-05-16T17:12:45.747620", "level": "INFO", "service": "database_backup", "correlation_id": "backup-20250516171245", "message": "Backing up table public.categorias_os"}
{"timestamp": "2025-05-16T17:12:46.226302", "level": "INFO", "service": "database_backup", "correlation_id": "backup-20250516171246", "message": "Backing up table public.contatos"}
{"timestamp": "2025-05-16T17:12:47.206120", "level": "INFO", "service": "database_backup", "correlation_id": "backup-20250516171247", "message": "Backing up table public.enderecos"}
{"timestamp": "2025-05-16T17:12:47.925280", "level": "INFO", "service": "database_backup", "correlation_id": "backup-20250516171247", "message": "Backing up table public.formas_pagamento"}
{"timestamp": "2025-05-16T17:12:48.406126", "level": "INFO", "service": "database_backup", "correlation_id": "backup-20250516171248", "message": "Backing up table public.marcadores"}
{"timestamp": "2025-05-16T17:12:48.886140", "level": "INFO", "service": "database_backup", "correlation_id": "backup-20250516171248", "message": "Backing up table public.marcadores_ordem_servico"}
{"timestamp": "2025-05-16T17:12:49.389023", "level": "INFO", "service": "database_backup", "correlation_id": "backup-20250516171249", "message": "Backing up table public.ordem_servico_marcadores"}
{"timestamp": "2025-05-16T17:12:49.863136", "level": "INFO", "service": "database_backup", "correlation_id": "backup-20250516171249", "message": "Backing up table public.ordens_servico"}
{"timestamp": "2025-05-16T17:12:51.983882", "level": "INFO", "service": "database_backup", "correlation_id": "backup-20250516171251", "message": "Backing up table realtime.messages"}
{"timestamp": "2025-05-16T17:12:52.471599", "level": "INFO", "service": "database_backup", "correlation_id": "backup-20250516171252", "message": "Backing up table realtime.schema_migrations"}
{"timestamp": "2025-05-16T17:12:52.945379", "level": "INFO", "service": "database_backup", "correlation_id": "backup-20250516171252", "message": "Backing up table realtime.subscription"}
{"timestamp": "2025-05-16T17:12:53.425836", "level": "INFO", "service": "database_backup", "correlation_id": "backup-20250516171253", "message": "Backing up table storage.buckets"}
{"timestamp": "2025-05-16T17:12:53.902820", "level": "INFO", "service": "database_backup", "correlation_id": "backup-20250516171253", "message": "Backing up table storage.migrations"}
{"timestamp": "2025-05-16T17:12:54.382825", "level": "INFO", "service": "database_backup", "correlation_id": "backup-20250516171254", "message": "Backing up table storage.objects"}
{"timestamp": "2025-05-16T17:12:54.872226", "level": "INFO", "service": "database_backup", "correlation_id": "backup-20250516171254", "message": "Backing up table storage.s3_multipart_uploads"}
{"timestamp": "2025-05-16T17:12:55.348383", "level": "INFO", "service": "database_backup", "correlation_id": "backup-20250516171255", "message": "Backing up table storage.s3_multipart_uploads_parts"}
{"timestamp": "2025-05-16T17:12:55.823851", "level": "INFO", "service": "database_backup", "correlation_id": "backup-20250516171255", "message": "Backing up table supabase_migrations.schema_migrations"}
{"timestamp": "2025-05-16T17:12:56.300920", "level": "INFO", "service": "database_backup", "correlation_id": "backup-20250516171256", "message": "Backing up table vault.decrypted_secrets"}
{"timestamp": "2025-05-16T17:12:56.782394", "level": "INFO", "service": "database_backup", "correlation_id": "backup-20250516171256", "message": "Backing up table vault.secrets"}
{"timestamp": "2025-05-16T17:12:57.426063", "level": "INFO", "service": "database_backup", "correlation_id": "backup-20250516171257", "message": "Database backup completed successfully"}
{"timestamp": "2025-05-16T17:12:57.426390", "level": "INFO", "service": "database_backup", "correlation_id": "backup-20250516171257", "message": "Database backup process completed with status: success"}
