{"timestamp": "2025-05-14T20:08:25.038938", "level": "INFO", "service": "database_backup", "correlation_id": "backup-20250514200825", "message": "Database backup process started"}
{"timestamp": "2025-05-14T20:08:25.039080", "level": "INFO", "service": "database_backup", "correlation_id": "backup-20250514200825", "message": "Starting database backup to db_backup_20250514_200825.sql"}
{"timestamp": "2025-05-14T20:08:27.724678", "level": "INFO", "service": "database_backup", "correlation_id": "backup-20250514200827", "message": "Backing up table auth.audit_log_entries"}
{"timestamp": "2025-05-14T20:08:28.234264", "level": "INFO", "service": "database_backup", "correlation_id": "backup-20250514200828", "message": "Backing up table auth.flow_state"}
{"timestamp": "2025-05-14T20:08:28.732685", "level": "INFO", "service": "database_backup", "correlation_id": "backup-20250514200828", "message": "Backing up table auth.identities"}
{"timestamp": "2025-05-14T20:08:29.224303", "level": "INFO", "service": "database_backup", "correlation_id": "backup-20250514200829", "message": "Backing up table auth.instances"}
{"timestamp": "2025-05-14T20:08:29.719280", "level": "INFO", "service": "database_backup", "correlation_id": "backup-20250514200829", "message": "Backing up table auth.mfa_amr_claims"}
{"timestamp": "2025-05-14T20:08:30.211098", "level": "INFO", "service": "database_backup", "correlation_id": "backup-20250514200830", "message": "Backing up table auth.mfa_challenges"}
{"timestamp": "2025-05-14T20:08:30.700339", "level": "INFO", "service": "database_backup", "correlation_id": "backup-20250514200830", "message": "Backing up table auth.mfa_factors"}
{"timestamp": "2025-05-14T20:08:31.200327", "level": "INFO", "service": "database_backup", "correlation_id": "backup-20250514200831", "message": "Backing up table auth.one_time_tokens"}
{"timestamp": "2025-05-14T20:08:31.687771", "level": "INFO", "service": "database_backup", "correlation_id": "backup-20250514200831", "message": "Backing up table auth.refresh_tokens"}
{"timestamp": "2025-05-14T20:08:32.190261", "level": "INFO", "service": "database_backup", "correlation_id": "backup-20250514200832", "message": "Backing up table auth.saml_providers"}
{"timestamp": "2025-05-14T20:08:32.681182", "level": "INFO", "service": "database_backup", "correlation_id": "backup-20250514200832", "message": "Backing up table auth.saml_relay_states"}
{"timestamp": "2025-05-14T20:08:33.169865", "level": "INFO", "service": "database_backup", "correlation_id": "backup-20250514200833", "message": "Backing up table auth.schema_migrations"}
{"timestamp": "2025-05-14T20:08:33.667731", "level": "INFO", "service": "database_backup", "correlation_id": "backup-20250514200833", "message": "Backing up table auth.sessions"}
{"timestamp": "2025-05-14T20:08:34.162184", "level": "INFO", "service": "database_backup", "correlation_id": "backup-20250514200834", "message": "Backing up table auth.sso_domains"}
{"timestamp": "2025-05-14T20:08:34.654879", "level": "INFO", "service": "database_backup", "correlation_id": "backup-20250514200834", "message": "Backing up table auth.sso_providers"}
{"timestamp": "2025-05-14T20:08:35.153282", "level": "INFO", "service": "database_backup", "correlation_id": "backup-20250514200835", "message": "Backing up table auth.users"}
{"timestamp": "2025-05-14T20:08:35.642822", "level": "INFO", "service": "database_backup", "correlation_id": "backup-20250514200835", "message": "Backing up table extensions.pg_stat_statements"}
{"timestamp": "2025-05-14T20:08:36.984997", "level": "INFO", "service": "database_backup", "correlation_id": "backup-20250514200836", "message": "Backing up table extensions.pg_stat_statements_info"}
{"timestamp": "2025-05-14T20:08:37.475979", "level": "INFO", "service": "database_backup", "correlation_id": "backup-20250514200837", "message": "Backing up table public.categorias_os"}
{"timestamp": "2025-05-14T20:08:37.966972", "level": "INFO", "service": "database_backup", "correlation_id": "backup-20250514200837", "message": "Backing up table public.contatos"}
{"timestamp": "2025-05-14T20:08:38.914862", "level": "INFO", "service": "database_backup", "correlation_id": "backup-20250514200838", "message": "Backing up table public.enderecos"}
{"timestamp": "2025-05-14T20:08:39.542749", "level": "INFO", "service": "database_backup", "correlation_id": "backup-20250514200839", "message": "Backing up table public.formas_pagamento"}
{"timestamp": "2025-05-14T20:08:40.039076", "level": "INFO", "service": "database_backup", "correlation_id": "backup-20250514200840", "message": "Backing up table public.marcadores"}
{"timestamp": "2025-05-14T20:08:40.528767", "level": "INFO", "service": "database_backup", "correlation_id": "backup-20250514200840", "message": "Backing up table public.marcadores_ordem_servico"}
{"timestamp": "2025-05-14T20:08:41.049831", "level": "INFO", "service": "database_backup", "correlation_id": "backup-20250514200841", "message": "Backing up table public.ordem_servico_marcadores"}
{"timestamp": "2025-05-14T20:08:41.539116", "level": "INFO", "service": "database_backup", "correlation_id": "backup-20250514200841", "message": "Backing up table public.ordens_servico"}
{"timestamp": "2025-05-14T20:08:43.341559", "level": "INFO", "service": "database_backup", "correlation_id": "backup-20250514200843", "message": "Backing up table realtime.messages"}
{"timestamp": "2025-05-14T20:08:43.863617", "level": "INFO", "service": "database_backup", "correlation_id": "backup-20250514200843", "message": "Backing up table realtime.schema_migrations"}
{"timestamp": "2025-05-14T20:08:44.353294", "level": "INFO", "service": "database_backup", "correlation_id": "backup-20250514200844", "message": "Backing up table realtime.subscription"}
{"timestamp": "2025-05-14T20:08:44.842209", "level": "INFO", "service": "database_backup", "correlation_id": "backup-20250514200844", "message": "Backing up table storage.buckets"}
{"timestamp": "2025-05-14T20:08:45.333353", "level": "INFO", "service": "database_backup", "correlation_id": "backup-20250514200845", "message": "Backing up table storage.migrations"}
{"timestamp": "2025-05-14T20:08:45.824441", "level": "INFO", "service": "database_backup", "correlation_id": "backup-20250514200845", "message": "Backing up table storage.objects"}
{"timestamp": "2025-05-14T20:08:46.322805", "level": "INFO", "service": "database_backup", "correlation_id": "backup-20250514200846", "message": "Backing up table storage.s3_multipart_uploads"}
{"timestamp": "2025-05-14T20:08:46.816396", "level": "INFO", "service": "database_backup", "correlation_id": "backup-20250514200846", "message": "Backing up table storage.s3_multipart_uploads_parts"}
{"timestamp": "2025-05-14T20:08:47.312579", "level": "INFO", "service": "database_backup", "correlation_id": "backup-20250514200847", "message": "Backing up table supabase_migrations.schema_migrations"}
{"timestamp": "2025-05-14T20:08:47.803261", "level": "INFO", "service": "database_backup", "correlation_id": "backup-20250514200847", "message": "Backing up table vault.decrypted_secrets"}
{"timestamp": "2025-05-14T20:08:48.305807", "level": "INFO", "service": "database_backup", "correlation_id": "backup-20250514200848", "message": "Backing up table vault.secrets"}
{"timestamp": "2025-05-14T20:08:48.968485", "level": "INFO", "service": "database_backup", "correlation_id": "backup-20250514200848", "message": "Database backup completed successfully"}
{"timestamp": "2025-05-14T20:08:48.968591", "level": "INFO", "service": "database_backup", "correlation_id": "backup-20250514200848", "message": "Database backup process completed with status: success"}
