{"timestamp": "2025-05-11T12:17:07.775631", "level": "INFO", "service": "database_backup", "correlation_id": "backup-20250511121707", "message": "Database backup process started"}
{"timestamp": "2025-05-11T12:17:07.775798", "level": "INFO", "service": "database_backup", "correlation_id": "backup-20250511121707", "message": "Starting database backup to db_backup_20250511_121707.dump"}
{"timestamp": "2025-05-11T12:17:10.346176", "level": "ERROR", "service": "database_backup", "correlation_id": "backup-20250511121710", "message": "Database backup failed with exit code 1"}
{"timestamp": "2025-05-11T12:17:10.346490", "level": "INFO", "service": "database_backup", "correlation_id": "backup-20250511121710", "message": "Database backup process completed with status: failure"}
{"timestamp": "2025-05-11T12:17:56.421241", "level": "INFO", "service": "database_backup", "correlation_id": "backup-20250511121756", "message": "Database backup process started"}
{"timestamp": "2025-05-11T12:17:56.421543", "level": "INFO", "service": "database_backup", "correlation_id": "backup-20250511121756", "message": "Starting database backup to db_backup_20250511_121756.dump"}
{"timestamp": "2025-05-11T12:17:57.805529", "level": "ERROR", "service": "database_backup", "correlation_id": "backup-20250511121757", "message": "Database backup failed with exit code 1"}
{"timestamp": "2025-05-11T12:17:57.805789", "level": "INFO", "service": "database_backup", "correlation_id": "backup-20250511121757", "message": "Database backup process completed with status: failure"}
{"timestamp": "2025-05-11T12:24:59.989075", "level": "INFO", "service": "database_backup", "correlation_id": "backup-20250511122459", "message": "Database backup process started"}
{"timestamp": "2025-05-11T12:24:59.989370", "level": "INFO", "service": "database_backup", "correlation_id": "backup-20250511122459", "message": "Starting database backup to db_backup_20250511_122459.dump"}
{"timestamp": "2025-05-11T12:25:02.450399", "level": "ERROR", "service": "database_backup", "correlation_id": "backup-20250511122502", "message": "Database backup failed with exit code 1"}
{"timestamp": "2025-05-11T12:25:02.450559", "level": "INFO", "service": "database_backup", "correlation_id": "backup-20250511122502", "message": "Database backup process completed with status: failure"}
{"timestamp": "2025-05-11T12:26:15.579749", "level": "INFO", "service": "database_backup", "correlation_id": "backup-20250511122615", "message": "Database backup process started"}
{"timestamp": "2025-05-11T12:26:15.580006", "level": "INFO", "service": "database_backup", "correlation_id": "backup-20250511122615", "message": "Starting database backup to db_backup_20250511_122615.sql"}
{"timestamp": "2025-05-11T12:26:17.167783", "level": "INFO", "service": "database_backup", "correlation_id": "backup-20250511122617", "message": "Backing up table auth.audit_log_entries"}
{"timestamp": "2025-05-11T12:26:17.687138", "level": "INFO", "service": "database_backup", "correlation_id": "backup-20250511122617", "message": "Backing up table auth.flow_state"}
{"timestamp": "2025-05-11T12:26:18.195236", "level": "INFO", "service": "database_backup", "correlation_id": "backup-20250511122618", "message": "Backing up table auth.identities"}
{"timestamp": "2025-05-11T12:26:18.697192", "level": "INFO", "service": "database_backup", "correlation_id": "backup-20250511122618", "message": "Backing up table auth.instances"}
{"timestamp": "2025-05-11T12:26:19.199017", "level": "INFO", "service": "database_backup", "correlation_id": "backup-20250511122619", "message": "Backing up table auth.mfa_amr_claims"}
{"timestamp": "2025-05-11T12:26:19.703910", "level": "INFO", "service": "database_backup", "correlation_id": "backup-20250511122619", "message": "Backing up table auth.mfa_challenges"}
{"timestamp": "2025-05-11T12:26:20.206502", "level": "INFO", "service": "database_backup", "correlation_id": "backup-20250511122620", "message": "Backing up table auth.mfa_factors"}
{"timestamp": "2025-05-11T12:26:20.715248", "level": "INFO", "service": "database_backup", "correlation_id": "backup-20250511122620", "message": "Backing up table auth.one_time_tokens"}
{"timestamp": "2025-05-11T12:26:21.217616", "level": "INFO", "service": "database_backup", "correlation_id": "backup-20250511122621", "message": "Backing up table auth.refresh_tokens"}
{"timestamp": "2025-05-11T12:26:21.724367", "level": "INFO", "service": "database_backup", "correlation_id": "backup-20250511122621", "message": "Backing up table auth.saml_providers"}
{"timestamp": "2025-05-11T12:26:22.226822", "level": "INFO", "service": "database_backup", "correlation_id": "backup-20250511122622", "message": "Backing up table auth.saml_relay_states"}
{"timestamp": "2025-05-11T12:26:22.729086", "level": "INFO", "service": "database_backup", "correlation_id": "backup-20250511122622", "message": "Backing up table auth.schema_migrations"}
{"timestamp": "2025-05-11T12:26:23.231915", "level": "INFO", "service": "database_backup", "correlation_id": "backup-20250511122623", "message": "Backing up table auth.sessions"}
{"timestamp": "2025-05-11T12:26:23.734076", "level": "INFO", "service": "database_backup", "correlation_id": "backup-20250511122623", "message": "Backing up table auth.sso_domains"}
{"timestamp": "2025-05-11T12:26:24.238453", "level": "INFO", "service": "database_backup", "correlation_id": "backup-20250511122624", "message": "Backing up table auth.sso_providers"}
{"timestamp": "2025-05-11T12:26:24.740574", "level": "INFO", "service": "database_backup", "correlation_id": "backup-20250511122624", "message": "Backing up table auth.users"}
{"timestamp": "2025-05-11T12:26:25.242171", "level": "INFO", "service": "database_backup", "correlation_id": "backup-20250511122625", "message": "Backing up table extensions.pg_stat_statements"}
{"timestamp": "2025-05-11T12:26:26.592438", "level": "INFO", "service": "database_backup", "correlation_id": "backup-20250511122626", "message": "Backing up table extensions.pg_stat_statements_info"}
{"timestamp": "2025-05-11T12:26:27.093933", "level": "INFO", "service": "database_backup", "correlation_id": "backup-20250511122627", "message": "Backing up table public.categorias_os"}
{"timestamp": "2025-05-11T12:26:27.599627", "level": "INFO", "service": "database_backup", "correlation_id": "backup-20250511122627", "message": "Backing up table public.contatos"}
{"timestamp": "2025-05-11T12:26:28.117093", "level": "INFO", "service": "database_backup", "correlation_id": "backup-20250511122628", "message": "Backing up table public.enderecos"}
{"timestamp": "2025-05-11T12:26:28.632386", "level": "INFO", "service": "database_backup", "correlation_id": "backup-20250511122628", "message": "Backing up table public.formas_pagamento"}
{"timestamp": "2025-05-11T12:26:29.133707", "level": "INFO", "service": "database_backup", "correlation_id": "backup-20250511122629", "message": "Backing up table public.marcadores"}
{"timestamp": "2025-05-11T12:26:29.633377", "level": "INFO", "service": "database_backup", "correlation_id": "backup-20250511122629", "message": "Backing up table public.marcadores_ordem_servico"}
{"timestamp": "2025-05-11T12:26:30.161772", "level": "INFO", "service": "database_backup", "correlation_id": "backup-20250511122630", "message": "Backing up table public.ordem_servico_marcadores"}
{"timestamp": "2025-05-11T12:26:30.662929", "level": "INFO", "service": "database_backup", "correlation_id": "backup-20250511122630", "message": "Backing up table public.ordens_servico"}
{"timestamp": "2025-05-11T12:26:31.378150", "level": "INFO", "service": "database_backup", "correlation_id": "backup-20250511122631", "message": "Backing up table realtime.messages"}
{"timestamp": "2025-05-11T12:26:31.879409", "level": "INFO", "service": "database_backup", "correlation_id": "backup-20250511122631", "message": "Backing up table realtime.schema_migrations"}
{"timestamp": "2025-05-11T12:26:32.381215", "level": "INFO", "service": "database_backup", "correlation_id": "backup-20250511122632", "message": "Backing up table realtime.subscription"}
{"timestamp": "2025-05-11T12:26:32.885461", "level": "INFO", "service": "database_backup", "correlation_id": "backup-20250511122632", "message": "Backing up table storage.buckets"}
{"timestamp": "2025-05-11T12:26:33.387293", "level": "INFO", "service": "database_backup", "correlation_id": "backup-20250511122633", "message": "Backing up table storage.migrations"}
{"timestamp": "2025-05-11T12:26:33.891211", "level": "INFO", "service": "database_backup", "correlation_id": "backup-20250511122633", "message": "Backing up table storage.objects"}
{"timestamp": "2025-05-11T12:26:34.391535", "level": "INFO", "service": "database_backup", "correlation_id": "backup-20250511122634", "message": "Backing up table storage.s3_multipart_uploads"}
{"timestamp": "2025-05-11T12:26:34.892111", "level": "INFO", "service": "database_backup", "correlation_id": "backup-20250511122634", "message": "Backing up table storage.s3_multipart_uploads_parts"}
{"timestamp": "2025-05-11T12:26:35.394495", "level": "INFO", "service": "database_backup", "correlation_id": "backup-20250511122635", "message": "Backing up table supabase_migrations.schema_migrations"}
{"timestamp": "2025-05-11T12:26:35.895160", "level": "INFO", "service": "database_backup", "correlation_id": "backup-20250511122635", "message": "Backing up table vault.decrypted_secrets"}
{"timestamp": "2025-05-11T12:26:36.399049", "level": "INFO", "service": "database_backup", "correlation_id": "backup-20250511122636", "message": "Backing up table vault.secrets"}
{"timestamp": "2025-05-11T12:26:37.075279", "level": "INFO", "service": "database_backup", "correlation_id": "backup-20250511122637", "message": "Database backup completed successfully"}
{"timestamp": "2025-05-11T12:26:37.075518", "level": "INFO", "service": "database_backup", "correlation_id": "backup-20250511122637", "message": "Database backup process completed with status: success"}
