{"timestamp": "2025-05-13 16:29:24,597", "level": "INFO", "service": "save_special_orders_to_db", "message": {"message": "Usando arquivo de resultados: order_api_responses/orders_verification_results_20250513_162303.json"}}
{"timestamp": "2025-05-13 16:29:24,598", "level": "INFO", "service": "save_special_orders_to_db", "message": {"message": "Encontradas 17 ordens para processar (canceladas ou finalizadas)"}}
{"timestamp": "2025-05-13 16:29:26,068", "level": "INFO", "service": "save_special_orders_to_db", "message": {"message": "Detalhes da ordem 30406 carregados do arquivo"}}
{"timestamp": "2025-05-13 16:29:27,210", "level": "ERROR", "service": "save_special_orders_to_db", "message": {"error": "Erro ao processar Ordem ID 581931199: value too long for type character(1)\n"}}
{"timestamp": "2025-05-13 16:29:27,371", "level": "ERROR", "service": "save_special_orders_to_db", "message": {"error": "Erro ao salvar ordem 30406 no banco de dados: value too long for type character(1)\n"}}
{"timestamp": "2025-05-13 16:29:27,575", "level": "INFO", "service": "save_special_orders_to_db", "message": {"message": "Detalhes da ordem 30429 carregados do arquivo"}}
{"timestamp": "2025-05-13 16:29:28,389", "level": "ERROR", "service": "save_special_orders_to_db", "message": {"error": "Erro ao processar Ordem ID 581943151: value too long for type character(1)\n"}}
{"timestamp": "2025-05-13 16:29:28,551", "level": "ERROR", "service": "save_special_orders_to_db", "message": {"error": "Erro ao salvar ordem 30429 no banco de dados: value too long for type character(1)\n"}}
{"timestamp": "2025-05-13 16:29:28,756", "level": "INFO", "service": "save_special_orders_to_db", "message": {"message": "Detalhes da ordem 30520 carregados do arquivo"}}
{"timestamp": "2025-05-13 16:29:29,889", "level": "ERROR", "service": "save_special_orders_to_db", "message": {"error": "Erro ao processar Ordem ID 582012938: value too long for type character(1)\n"}}
{"timestamp": "2025-05-13 16:29:30,052", "level": "ERROR", "service": "save_special_orders_to_db", "message": {"error": "Erro ao salvar ordem 30520 no banco de dados: value too long for type character(1)\n"}}
{"timestamp": "2025-05-13 16:29:30,256", "level": "INFO", "service": "save_special_orders_to_db", "message": {"message": "Detalhes da ordem 30575 carregados do arquivo"}}
{"timestamp": "2025-05-13 16:29:31,393", "level": "ERROR", "service": "save_special_orders_to_db", "message": {"error": "Erro ao processar Ordem ID 582064554: value too long for type character(1)\n"}}
{"timestamp": "2025-05-13 16:29:31,555", "level": "ERROR", "service": "save_special_orders_to_db", "message": {"error": "Erro ao salvar ordem 30575 no banco de dados: value too long for type character(1)\n"}}
{"timestamp": "2025-05-13 16:29:31,761", "level": "INFO", "service": "save_special_orders_to_db", "message": {"message": "Detalhes da ordem 30634 carregados do arquivo"}}
{"timestamp": "2025-05-13 16:29:32,730", "level": "ERROR", "service": "save_special_orders_to_db", "message": {"error": "Erro ao processar Ordem ID 582111790: value too long for type character(1)\n"}}
{"timestamp": "2025-05-13 16:29:32,892", "level": "ERROR", "service": "save_special_orders_to_db", "message": {"error": "Erro ao salvar ordem 30634 no banco de dados: value too long for type character(1)\n"}}
{"timestamp": "2025-05-13 16:29:33,105", "level": "INFO", "service": "save_special_orders_to_db", "message": {"message": "Detalhes da ordem 30664 carregados do arquivo"}}
{"timestamp": "2025-05-13 16:29:34,255", "level": "ERROR", "service": "save_special_orders_to_db", "message": {"error": "Erro ao processar Ordem ID 582135018: value too long for type character(1)\n"}}
{"timestamp": "2025-05-13 16:29:34,415", "level": "ERROR", "service": "save_special_orders_to_db", "message": {"error": "Erro ao salvar ordem 30664 no banco de dados: value too long for type character(1)\n"}}
{"timestamp": "2025-05-13 16:29:34,621", "level": "INFO", "service": "save_special_orders_to_db", "message": {"message": "Detalhes da ordem 30689 carregados do arquivo"}}
{"timestamp": "2025-05-13 16:29:35,600", "level": "ERROR", "service": "save_special_orders_to_db", "message": {"error": "Erro ao processar Ordem ID 582160452: value too long for type character(1)\n"}}
{"timestamp": "2025-05-13 16:29:35,764", "level": "ERROR", "service": "save_special_orders_to_db", "message": {"error": "Erro ao salvar ordem 30689 no banco de dados: value too long for type character(1)\n"}}
{"timestamp": "2025-05-13 16:29:35,969", "level": "INFO", "service": "save_special_orders_to_db", "message": {"message": "Detalhes da ordem 30684 carregados do arquivo"}}
{"timestamp": "2025-05-13 16:29:36,949", "level": "ERROR", "service": "save_special_orders_to_db", "message": {"error": "Erro ao processar Ordem ID 582156094: value too long for type character(1)\n"}}
{"timestamp": "2025-05-13 16:29:37,111", "level": "ERROR", "service": "save_special_orders_to_db", "message": {"error": "Erro ao salvar ordem 30684 no banco de dados: value too long for type character(1)\n"}}
{"timestamp": "2025-05-13 16:29:37,318", "level": "INFO", "service": "save_special_orders_to_db", "message": {"message": "Detalhes da ordem 30701 carregados do arquivo"}}
{"timestamp": "2025-05-13 16:29:38,452", "level": "ERROR", "service": "save_special_orders_to_db", "message": {"error": "Erro ao processar Ordem ID 582166694: value too long for type character(1)\n"}}
{"timestamp": "2025-05-13 16:29:38,612", "level": "ERROR", "service": "save_special_orders_to_db", "message": {"error": "Erro ao salvar ordem 30701 no banco de dados: value too long for type character(1)\n"}}
{"timestamp": "2025-05-13 16:29:38,824", "level": "INFO", "service": "save_special_orders_to_db", "message": {"message": "Detalhes da ordem 30736 carregados do arquivo"}}
{"timestamp": "2025-05-13 16:29:39,965", "level": "ERROR", "service": "save_special_orders_to_db", "message": {"error": "Erro ao processar Ordem ID 582188593: value too long for type character(1)\n"}}
{"timestamp": "2025-05-13 16:29:40,128", "level": "ERROR", "service": "save_special_orders_to_db", "message": {"error": "Erro ao salvar ordem 30736 no banco de dados: value too long for type character(1)\n"}}
{"timestamp": "2025-05-13 16:29:40,343", "level": "INFO", "service": "save_special_orders_to_db", "message": {"message": "Detalhes da ordem 30735 carregados do arquivo"}}
{"timestamp": "2025-05-13 16:29:41,478", "level": "ERROR", "service": "save_special_orders_to_db", "message": {"error": "Erro ao processar Ordem ID 582188527: value too long for type character(1)\n"}}
{"timestamp": "2025-05-13 16:29:41,639", "level": "ERROR", "service": "save_special_orders_to_db", "message": {"error": "Erro ao salvar ordem 30735 no banco de dados: value too long for type character(1)\n"}}
{"timestamp": "2025-05-13 16:29:41,847", "level": "INFO", "service": "save_special_orders_to_db", "message": {"message": "Detalhes da ordem 30977 carregados do arquivo"}}
{"timestamp": "2025-05-13 16:29:42,989", "level": "ERROR", "service": "save_special_orders_to_db", "message": {"error": "Erro ao processar Ordem ID 582404689: value too long for type character(1)\n"}}
{"timestamp": "2025-05-13 16:29:43,153", "level": "ERROR", "service": "save_special_orders_to_db", "message": {"error": "Erro ao salvar ordem 30977 no banco de dados: value too long for type character(1)\n"}}
{"timestamp": "2025-05-13 16:29:43,363", "level": "INFO", "service": "save_special_orders_to_db", "message": {"message": "Detalhes da ordem 31043 carregados do arquivo"}}
{"timestamp": "2025-05-13 16:29:44,336", "level": "ERROR", "service": "save_special_orders_to_db", "message": {"error": "Erro ao processar Ordem ID 582475272: value too long for type character(1)\n"}}
{"timestamp": "2025-05-13 16:29:44,503", "level": "ERROR", "service": "save_special_orders_to_db", "message": {"error": "Erro ao salvar ordem 31043 no banco de dados: value too long for type character(1)\n"}}
{"timestamp": "2025-05-13 16:29:44,712", "level": "INFO", "service": "save_special_orders_to_db", "message": {"message": "Detalhes da ordem 31071 carregados do arquivo"}}
{"timestamp": "2025-05-13 16:29:45,690", "level": "ERROR", "service": "save_special_orders_to_db", "message": {"error": "Erro ao processar Ordem ID 582498702: value too long for type character(1)\n"}}
{"timestamp": "2025-05-13 16:29:45,854", "level": "ERROR", "service": "save_special_orders_to_db", "message": {"error": "Erro ao salvar ordem 31071 no banco de dados: value too long for type character(1)\n"}}
{"timestamp": "2025-05-13 16:29:46,064", "level": "INFO", "service": "save_special_orders_to_db", "message": {"message": "Detalhes da ordem 31115 carregados do arquivo"}}
{"timestamp": "2025-05-13 16:29:47,205", "level": "ERROR", "service": "save_special_orders_to_db", "message": {"error": "Erro ao processar Ordem ID 582527486: value too long for type character(1)\n"}}
{"timestamp": "2025-05-13 16:29:47,369", "level": "ERROR", "service": "save_special_orders_to_db", "message": {"error": "Erro ao salvar ordem 31115 no banco de dados: value too long for type character(1)\n"}}
{"timestamp": "2025-05-13 16:29:47,575", "level": "INFO", "service": "save_special_orders_to_db", "message": {"message": "Detalhes da ordem 31116 carregados do arquivo"}}
{"timestamp": "2025-05-13 16:29:48,712", "level": "ERROR", "service": "save_special_orders_to_db", "message": {"error": "Erro ao processar Ordem ID 582530103: value too long for type character(1)\n"}}
{"timestamp": "2025-05-13 16:29:48,872", "level": "ERROR", "service": "save_special_orders_to_db", "message": {"error": "Erro ao salvar ordem 31116 no banco de dados: value too long for type character(1)\n"}}
{"timestamp": "2025-05-13 16:29:49,081", "level": "INFO", "service": "save_special_orders_to_db", "message": {"message": "Detalhes da ordem 31139 carregados do arquivo"}}
{"timestamp": "2025-05-13 16:29:50,221", "level": "ERROR", "service": "save_special_orders_to_db", "message": {"error": "Erro ao processar Ordem ID 582561902: value too long for type character(1)\n"}}
{"timestamp": "2025-05-13 16:29:50,382", "level": "ERROR", "service": "save_special_orders_to_db", "message": {"error": "Erro ao salvar ordem 31139 no banco de dados: value too long for type character(1)\n"}}
{"timestamp": "2025-05-13 16:29:50,588", "level": "INFO", "service": "save_special_orders_to_db", "message": {"message": "Processamento conclu\u00eddo", "ordens_processadas": 17, "sucessos": 0, "erros": 17}}
